<?xml version="1.0" encoding="UTF-8"?>
<testsuite xmlns:xsi="http://www.w3.org/2001/XMLSchema-instance" xsi:noNamespaceSchemaLocation="https://maven.apache.org/surefire/maven-surefire-plugin/xsd/surefire-test-report-3.0.xsd" version="3.0" name="pe.edu.pucp.softinv.dao.AlmacenDAOTest" time="2.264" tests="5" errors="0" skipped="0" failures="0">
  <properties>
    <property name="java.specification.version" value="24"/>
    <property name="sun.cpu.isalist" value="amd64"/>
    <property name="sun.jnu.encoding" value="Cp1252"/>
    <property name="java.class.path" value="G:\Mi unidad\GitHubRepositorio_clone\1INF30-melgar\sesión09 - procedimientos almacenados\sw - soporte MySQL -vacio\SoftInvPersistance\target\test-classes;G:\Mi unidad\GitHubRepositorio_clone\1INF30-melgar\sesión09 - procedimientos almacenados\sw - soporte MySQL -vacio\SoftInvPersistance\target\classes;C:\Users\Neo\.m2\repository\org\junit\jupiter\junit-jupiter-api\5.6.0\junit-jupiter-api-5.6.0.jar;C:\Users\Neo\.m2\repository\org\apiguardian\apiguardian-api\1.1.0\apiguardian-api-1.1.0.jar;C:\Users\Neo\.m2\repository\org\opentest4j\opentest4j\1.2.0\opentest4j-1.2.0.jar;C:\Users\Neo\.m2\repository\org\junit\platform\junit-platform-commons\1.6.0\junit-platform-commons-1.6.0.jar;C:\Users\Neo\.m2\repository\org\junit\jupiter\junit-jupiter-params\5.6.0\junit-jupiter-params-5.6.0.jar;C:\Users\Neo\.m2\repository\org\junit\jupiter\junit-jupiter-engine\5.6.0\junit-jupiter-engine-5.6.0.jar;C:\Users\Neo\.m2\repository\org\junit\platform\junit-platform-engine\1.6.0\junit-platform-engine-1.6.0.jar;C:\Users\Neo\.m2\repository\pe\edu\pucp\softinv\SoftInvDBManager\1.0\SoftInvDBManager-1.0.jar;C:\Users\Neo\.m2\repository\commons-codec\commons-codec\1.18.0\commons-codec-1.18.0.jar;C:\Users\Neo\.m2\repository\com\mysql\mysql-connector-j\9.2.0\mysql-connector-j-9.2.0.jar;C:\Users\Neo\.m2\repository\com\google\protobuf\protobuf-java\4.29.0\protobuf-java-4.29.0.jar;C:\Users\Neo\.m2\repository\pe\edu\pucp\softinv\SoftInvModel\1.0\SoftInvModel-1.0.jar;"/>
    <property name="java.vm.vendor" value="Azul Systems, Inc."/>
    <property name="sun.arch.data.model" value="64"/>
    <property name="user.variant" value=""/>
    <property name="java.vendor.url" value="http://www.azul.com/"/>
    <property name="user.timezone" value="America/Lima"/>
    <property name="os.name" value="Windows 11"/>
    <property name="java.vm.specification.version" value="24"/>
    <property name="user.country" value="PE"/>
    <property name="sun.java.launcher" value="SUN_STANDARD"/>
    <property name="sun.boot.library.path" value="C:\Program Files\Apache NetBeans\jdk\bin"/>
    <property name="sun.java.command" value="C:\Users\Neo\AppData\Local\Temp\surefire16815505087304466825\surefirebooter-20250917113748372_3.jar C:\Users\Neo\AppData\Local\Temp\surefire16815505087304466825 2025-09-17T11-37-48_183-jvmRun1 surefire-20250917113748372_1tmp surefire_0-20250917113748372_2tmp"/>
    <property name="jdk.debug" value="release"/>
    <property name="surefire.test.class.path" value="G:\Mi unidad\GitHubRepositorio_clone\1INF30-melgar\sesión09 - procedimientos almacenados\sw - soporte MySQL -vacio\SoftInvPersistance\target\test-classes;G:\Mi unidad\GitHubRepositorio_clone\1INF30-melgar\sesión09 - procedimientos almacenados\sw - soporte MySQL -vacio\SoftInvPersistance\target\classes;C:\Users\Neo\.m2\repository\org\junit\jupiter\junit-jupiter-api\5.6.0\junit-jupiter-api-5.6.0.jar;C:\Users\Neo\.m2\repository\org\apiguardian\apiguardian-api\1.1.0\apiguardian-api-1.1.0.jar;C:\Users\Neo\.m2\repository\org\opentest4j\opentest4j\1.2.0\opentest4j-1.2.0.jar;C:\Users\Neo\.m2\repository\org\junit\platform\junit-platform-commons\1.6.0\junit-platform-commons-1.6.0.jar;C:\Users\Neo\.m2\repository\org\junit\jupiter\junit-jupiter-params\5.6.0\junit-jupiter-params-5.6.0.jar;C:\Users\Neo\.m2\repository\org\junit\jupiter\junit-jupiter-engine\5.6.0\junit-jupiter-engine-5.6.0.jar;C:\Users\Neo\.m2\repository\org\junit\platform\junit-platform-engine\1.6.0\junit-platform-engine-1.6.0.jar;C:\Users\Neo\.m2\repository\pe\edu\pucp\softinv\SoftInvDBManager\1.0\SoftInvDBManager-1.0.jar;C:\Users\Neo\.m2\repository\commons-codec\commons-codec\1.18.0\commons-codec-1.18.0.jar;C:\Users\Neo\.m2\repository\com\mysql\mysql-connector-j\9.2.0\mysql-connector-j-9.2.0.jar;C:\Users\Neo\.m2\repository\com\google\protobuf\protobuf-java\4.29.0\protobuf-java-4.29.0.jar;C:\Users\Neo\.m2\repository\pe\edu\pucp\softinv\SoftInvModel\1.0\SoftInvModel-1.0.jar;"/>
    <property name="sun.cpu.endian" value="little"/>
    <property name="user.home" value="C:\Users\Neo"/>
    <property name="user.language" value="es"/>
    <property name="java.specification.vendor" value="Oracle Corporation"/>
    <property name="java.version.date" value="2025-04-15"/>
    <property name="java.home" value="C:\Program Files\Apache NetBeans\jdk"/>
    <property name="file.separator" value="\"/>
    <property name="basedir" value="G:\Mi unidad\GitHubRepositorio_clone\1INF30-melgar\sesión09 - procedimientos almacenados\sw - soporte MySQL -vacio\SoftInvPersistance"/>
    <property name="java.vm.compressedOopsMode" value="Zero based"/>
    <property name="line.separator" value="&#10;"/>
    <property name="java.vm.specification.vendor" value="Oracle Corporation"/>
    <property name="java.specification.name" value="Java Platform API Specification"/>
    <property name="surefire.real.class.path" value="C:\Users\Neo\AppData\Local\Temp\surefire16815505087304466825\surefirebooter-20250917113748372_3.jar"/>
    <property name="user.script" value=""/>
    <property name="sun.management.compiler" value="HotSpot 64-Bit Tiered Compilers"/>
    <property name="java.runtime.version" value="24.0.1+9"/>
    <property name="user.name" value="Neo"/>
    <property name="stdout.encoding" value="Cp1252"/>
    <property name="path.separator" value=";"/>
    <property name="os.version" value="10.0"/>
    <property name="java.runtime.name" value="OpenJDK Runtime Environment"/>
    <property name="file.encoding" value="UTF-8"/>
    <property name="java.vm.name" value="OpenJDK 64-Bit Server VM"/>
    <property name="java.vendor.version" value="Zulu24.30+11-CA"/>
    <property name="maven.ext.class.path" value="C:\Program Files\Apache NetBeans\java\maven-nblib\netbeans-eventspy.jar"/>
    <property name="localRepository" value="C:\Users\Neo\.m2\repository"/>
    <property name="java.vendor.url.bug" value="http://www.azul.com/support/"/>
    <property name="java.io.tmpdir" value="C:\Users\Neo\AppData\Local\Temp\"/>
    <property name="java.version" value="24.0.1"/>
    <property name="user.dir" value="G:\Mi unidad\GitHubRepositorio_clone\1INF30-melgar\sesión09 - procedimientos almacenados\sw - soporte MySQL -vacio\SoftInvPersistance"/>
    <property name="os.arch" value="amd64"/>
    <property name="java.vm.specification.name" value="Java Virtual Machine Specification"/>
    <property name="sun.os.patch.level" value=""/>
    <property name="native.encoding" value="Cp1252"/>
    <property name="java.library.path" value="C:\Program Files\Apache NetBeans\jdk\bin;C:\WINDOWS\Sun\Java\bin;C:\WINDOWS\system32;C:\WINDOWS;C:\Windows\Microsoft.NET\Framework64\v4.0.30319;C:\Python313\Scripts\;C:\Python313\;C:\Program Files\Common Files\Oracle\Java\javapath;C:\WINDOWS\system32;C:\WINDOWS;C:\WINDOWS\System32\Wbem;C:\WINDOWS\System32\WindowsPowerShell\v1.0\;C:\WINDOWS\System32\OpenSSH\;C:\Program Files\Microsoft SQL Server\150\Tools\Binn\;C:\Program Files\Microsoft SQL Server\Client SDK\ODBC\170\Tools\Binn\;C:\Program Files\dotnet\;C:\Program Files\nodejs\;C:\ProgramData\chocolatey\bin;C:\Program Files\MiKTeX\miktex\bin\x64\;C:\Program Files (x86)\Microsoft SQL Server\160\Tools\Binn\;C:\Program Files\Microsoft SQL Server\160\Tools\Binn\;C:\Program Files\Microsoft SQL Server\160\DTS\Binn\;C:\Users\Neo\AppData\Local\Microsoft\WindowsApps;C:\Users\Neo\.dotnet\tools;C:\Users\Neo\AppData\Roaming\npm;."/>
    <property name="java.vm.info" value="mixed mode, sharing"/>
    <property name="stderr.encoding" value="Cp1252"/>
    <property name="java.vendor" value="Azul Systems, Inc."/>
    <property name="java.vm.version" value="24.0.1+9"/>
    <property name="sun.io.unicode.encoding" value="UnicodeLittle"/>
    <property name="java.class.version" value="68.0"/>
  </properties>
  <testcase name="testModificar" classname="pe.edu.pucp.softinv.dao.AlmacenDAOTest" time="1.379">
    <system-out><![CDATA[modificar
INSERT INTO INV_ALMACENES(NOMBRE, ALMACEN_CENTRAL) VALUES (?, ?)
INSERT INTO INV_ALMACENES(NOMBRE, ALMACEN_CENTRAL) VALUES (?, ?)
INSERT INTO INV_ALMACENES(NOMBRE, ALMACEN_CENTRAL) VALUES (?, ?)
SELECT ALMACEN_ID, NOMBRE, ALMACEN_CENTRAL FROM INV_ALMACENES
UPDATE INV_ALMACENES SET NOMBRE=?, ALMACEN_CENTRAL=? WHERE ALMACEN_ID=?
UPDATE INV_ALMACENES SET NOMBRE=?, ALMACEN_CENTRAL=? WHERE ALMACEN_ID=?
UPDATE INV_ALMACENES SET NOMBRE=?, ALMACEN_CENTRAL=? WHERE ALMACEN_ID=?
SELECT ALMACEN_ID, NOMBRE, ALMACEN_CENTRAL FROM INV_ALMACENES
SELECT ALMACEN_ID, NOMBRE, ALMACEN_CENTRAL FROM INV_ALMACENES
DELETE FROM INV_ALMACENES WHERE ALMACEN_ID=?
SELECT ALMACEN_ID, NOMBRE, ALMACEN_CENTRAL FROM INV_ALMACENES WHERE ALMACEN_ID=?
DELETE FROM INV_ALMACENES WHERE ALMACEN_ID=?
SELECT ALMACEN_ID, NOMBRE, ALMACEN_CENTRAL FROM INV_ALMACENES WHERE ALMACEN_ID=?
DELETE FROM INV_ALMACENES WHERE ALMACEN_ID=?
SELECT ALMACEN_ID, NOMBRE, ALMACEN_CENTRAL FROM INV_ALMACENES WHERE ALMACEN_ID=?
]]></system-out>
  </testcase>
  <testcase name="testObtenerPorId" classname="pe.edu.pucp.softinv.dao.AlmacenDAOTest" time="0.306">
    <system-out><![CDATA[obtenerPorId
INSERT INTO INV_ALMACENES(NOMBRE, ALMACEN_CENTRAL) VALUES (?, ?)
INSERT INTO INV_ALMACENES(NOMBRE, ALMACEN_CENTRAL) VALUES (?, ?)
INSERT INTO INV_ALMACENES(NOMBRE, ALMACEN_CENTRAL) VALUES (?, ?)
SELECT ALMACEN_ID, NOMBRE, ALMACEN_CENTRAL FROM INV_ALMACENES WHERE ALMACEN_ID=?
SELECT ALMACEN_ID, NOMBRE, ALMACEN_CENTRAL FROM INV_ALMACENES WHERE ALMACEN_ID=?
SELECT ALMACEN_ID, NOMBRE, ALMACEN_CENTRAL FROM INV_ALMACENES WHERE ALMACEN_ID=?
SELECT ALMACEN_ID, NOMBRE, ALMACEN_CENTRAL FROM INV_ALMACENES
DELETE FROM INV_ALMACENES WHERE ALMACEN_ID=?
SELECT ALMACEN_ID, NOMBRE, ALMACEN_CENTRAL FROM INV_ALMACENES WHERE ALMACEN_ID=?
DELETE FROM INV_ALMACENES WHERE ALMACEN_ID=?
SELECT ALMACEN_ID, NOMBRE, ALMACEN_CENTRAL FROM INV_ALMACENES WHERE ALMACEN_ID=?
DELETE FROM INV_ALMACENES WHERE ALMACEN_ID=?
SELECT ALMACEN_ID, NOMBRE, ALMACEN_CENTRAL FROM INV_ALMACENES WHERE ALMACEN_ID=?
]]></system-out>
  </testcase>
  <testcase name="testEliminar" classname="pe.edu.pucp.softinv.dao.AlmacenDAOTest" time="0.186">
    <system-out><![CDATA[eliminar
INSERT INTO INV_ALMACENES(NOMBRE, ALMACEN_CENTRAL) VALUES (?, ?)
INSERT INTO INV_ALMACENES(NOMBRE, ALMACEN_CENTRAL) VALUES (?, ?)
INSERT INTO INV_ALMACENES(NOMBRE, ALMACEN_CENTRAL) VALUES (?, ?)
SELECT ALMACEN_ID, NOMBRE, ALMACEN_CENTRAL FROM INV_ALMACENES
DELETE FROM INV_ALMACENES WHERE ALMACEN_ID=?
SELECT ALMACEN_ID, NOMBRE, ALMACEN_CENTRAL FROM INV_ALMACENES WHERE ALMACEN_ID=?
DELETE FROM INV_ALMACENES WHERE ALMACEN_ID=?
SELECT ALMACEN_ID, NOMBRE, ALMACEN_CENTRAL FROM INV_ALMACENES WHERE ALMACEN_ID=?
DELETE FROM INV_ALMACENES WHERE ALMACEN_ID=?
SELECT ALMACEN_ID, NOMBRE, ALMACEN_CENTRAL FROM INV_ALMACENES WHERE ALMACEN_ID=?
]]></system-out>
  </testcase>
  <testcase name="testInsertar" classname="pe.edu.pucp.softinv.dao.AlmacenDAOTest" time="0.162">
    <system-out><![CDATA[insertar
INSERT INTO INV_ALMACENES(NOMBRE, ALMACEN_CENTRAL) VALUES (?, ?)
INSERT INTO INV_ALMACENES(NOMBRE, ALMACEN_CENTRAL) VALUES (?, ?)
INSERT INTO INV_ALMACENES(NOMBRE, ALMACEN_CENTRAL) VALUES (?, ?)
SELECT ALMACEN_ID, NOMBRE, ALMACEN_CENTRAL FROM INV_ALMACENES
DELETE FROM INV_ALMACENES WHERE ALMACEN_ID=?
SELECT ALMACEN_ID, NOMBRE, ALMACEN_CENTRAL FROM INV_ALMACENES WHERE ALMACEN_ID=?
DELETE FROM INV_ALMACENES WHERE ALMACEN_ID=?
SELECT ALMACEN_ID, NOMBRE, ALMACEN_CENTRAL FROM INV_ALMACENES WHERE ALMACEN_ID=?
DELETE FROM INV_ALMACENES WHERE ALMACEN_ID=?
SELECT ALMACEN_ID, NOMBRE, ALMACEN_CENTRAL FROM INV_ALMACENES WHERE ALMACEN_ID=?
]]></system-out>
  </testcase>
  <testcase name="testListarTodos" classname="pe.edu.pucp.softinv.dao.AlmacenDAOTest" time="0.181">
    <system-out><![CDATA[listarTodos
INSERT INTO INV_ALMACENES(NOMBRE, ALMACEN_CENTRAL) VALUES (?, ?)
INSERT INTO INV_ALMACENES(NOMBRE, ALMACEN_CENTRAL) VALUES (?, ?)
INSERT INTO INV_ALMACENES(NOMBRE, ALMACEN_CENTRAL) VALUES (?, ?)
SELECT ALMACEN_ID, NOMBRE, ALMACEN_CENTRAL FROM INV_ALMACENES
SELECT ALMACEN_ID, NOMBRE, ALMACEN_CENTRAL FROM INV_ALMACENES
DELETE FROM INV_ALMACENES WHERE ALMACEN_ID=?
SELECT ALMACEN_ID, NOMBRE, ALMACEN_CENTRAL FROM INV_ALMACENES WHERE ALMACEN_ID=?
DELETE FROM INV_ALMACENES WHERE ALMACEN_ID=?
SELECT ALMACEN_ID, NOMBRE, ALMACEN_CENTRAL FROM INV_ALMACENES WHERE ALMACEN_ID=?
DELETE FROM INV_ALMACENES WHERE ALMACEN_ID=?
SELECT ALMACEN_ID, NOMBRE, ALMACEN_CENTRAL FROM INV_ALMACENES WHERE ALMACEN_ID=?
]]></system-out>
  </testcase>
</testsuite>